<?xml version="1.0" encoding="UTF-8"?>
<!-- Generated by org.testng.reporters.JUnitXMLReporter -->
<testsuite ignored="0" hostname="DESKTOP-OMU5J2K" failures="1" tests="1" name="Test" time="4.932" errors="0" timestamp="2021-06-12T19:45:23 IST">
  <testcase classname="Test.NewTest" name="f" time="4.535">
    <failure type="java.lang.NullPointerException">
      <![CDATA[java.lang.NullPointerException
at Test.NewTest.f(NewTest.java:20)
at java.base/java.util.ArrayList.forEach(ArrayList.java:1541)
... Removed 27 stack frames]]>
    </failure>
  </testcase> <!-- f -->
</testsuite> <!-- Test -->
