<?xml version="1.0" encoding="UTF-8"?>
<testng-results ignored="0" total="1" passed="1" failed="0" skipped="0">
  <reporter-output>
  </reporter-output>
  <suite started-at="2021-07-31T05:19:45 IST" name="Suite" finished-at="2021-07-31T05:19:45 IST" duration-ms="46">
    <groups>
    </groups>
    <test started-at="2021-07-31T05:19:45 IST" name="Test" finished-at="2021-07-31T05:19:45 IST" duration-ms="46">
      <class name="frame.Test.NewTest">
        <test-method signature="f()[pri:0, instance:frame.Test.NewTest@49dc7102]" started-at="2021-07-31T05:19:45 IST" name="f" finished-at="2021-07-31T05:19:45 IST" duration-ms="7" status="PASS">
          <reporter-output>
          </reporter-output>
        </test-method> <!-- f -->
      </class> <!-- frame.Test.NewTest -->
    </test> <!-- Test -->
  </suite> <!-- Suite -->
</testng-results>
